2024-11-16 14:18:43,650 - DEBUG - This is a debug message
2024-11-16 14:18:43,650 - INFO - This is an info message
2024-11-16 14:18:43,650 - ERROR - This is an error message
2024-11-16 14:18:44,701 - INFO - Starting FUSE server at mountpoint: mnt
2024-11-16 14:18:44,708 - DEBUG - getattr called for path: /.Trash
2024-11-16 14:18:44,708 - DEBUG - getattr called for path: /.Trash-1001
2024-11-16 14:18:44,748 - DEBUG - getattr called for path: /.xdg-volume-info
2024-11-16 14:18:44,748 - DEBUG - getattr called for path: /
2024-11-16 14:18:44,748 - DEBUG - getattr called for path: /autorun.inf
2024-11-16 14:18:44,749 - DEBUG - readdir called for path: /, offset: 0
2024-11-16 14:18:44,749 - DEBUG - getattr called for path: /welcome.txt
2024-11-16 14:18:44,749 - DEBUG - getattr called for path: /
2024-11-16 14:18:44,750 - DEBUG - readdir called for path: /, offset: 0
2024-11-16 14:18:44,750 - DEBUG - getattr called for path: /
2024-11-16 14:18:44,750 - DEBUG - readdir called for path: /, offset: 0
2024-11-16 14:18:44,750 - DEBUG - getattr called for path: /
2024-11-16 14:18:44,750 - DEBUG - readdir called for path: /, offset: 0
2024-11-16 14:18:44,750 - DEBUG - getattr called for path: /
2024-11-16 14:18:44,750 - DEBUG - readdir called for path: /, offset: 0
2024-11-16 14:18:44,750 - DEBUG - getattr called for path: /
2024-11-16 14:18:44,750 - DEBUG - readdir called for path: /, offset: 0
2024-11-16 14:18:44,751 - DEBUG - getattr called for path: /
2024-11-16 14:18:44,751 - DEBUG - readdir called for path: /, offset: 0
2024-11-16 14:18:44,751 - DEBUG - getattr called for path: /
2024-11-16 14:18:44,751 - DEBUG - readdir called for path: /, offset: 0
2024-11-16 14:18:44,751 - DEBUG - getattr called for path: /
2024-11-16 14:18:44,751 - DEBUG - readdir called for path: /, offset: 0
2024-11-16 14:18:44,751 - DEBUG - getattr called for path: /
2024-11-16 14:18:44,751 - DEBUG - readdir called for path: /, offset: 0
2024-11-16 14:18:44,751 - DEBUG - getattr called for path: /
2024-11-16 14:18:44,752 - DEBUG - readdir called for path: /, offset: 0
2024-11-16 14:18:44,752 - DEBUG - getattr called for path: /
2024-11-16 14:18:44,752 - DEBUG - readdir called for path: /, offset: 0
2024-11-16 14:18:44,752 - DEBUG - getattr called for path: /
2024-11-16 14:18:44,752 - DEBUG - readdir called for path: /, offset: 0
2024-11-16 14:18:44,752 - DEBUG - getattr called for path: /
2024-11-16 14:18:44,752 - DEBUG - readdir called for path: /, offset: 0
2024-11-16 14:18:44,752 - DEBUG - getattr called for path: /
2024-11-16 14:18:44,752 - DEBUG - readdir called for path: /, offset: 0
2024-11-16 14:18:44,752 - DEBUG - getattr called for path: /
2024-11-16 14:18:44,753 - DEBUG - readdir called for path: /, offset: 0
2024-11-16 14:18:44,753 - DEBUG - getattr called for path: /
2024-11-16 14:18:44,753 - DEBUG - readdir called for path: /, offset: 0
2024-11-16 14:18:44,753 - DEBUG - getattr called for path: /
2024-11-16 14:18:44,753 - DEBUG - readdir called for path: /, offset: 0
2024-11-16 14:18:44,753 - DEBUG - getattr called for path: /
2024-11-16 14:18:44,753 - DEBUG - readdir called for path: /, offset: 0
2024-11-16 14:18:44,753 - DEBUG - getattr called for path: /
2024-11-16 14:18:44,753 - DEBUG - readdir called for path: /, offset: 0
2024-11-16 14:18:44,753 - DEBUG - getattr called for path: /
2024-11-16 14:18:44,753 - DEBUG - readdir called for path: /, offset: 0
2024-11-16 14:18:44,754 - DEBUG - getattr called for path: /
2024-11-16 14:18:44,754 - DEBUG - readdir called for path: /, offset: 0
2024-11-16 14:18:44,754 - DEBUG - getattr called for path: /
2024-11-16 14:18:44,754 - DEBUG - readdir called for path: /, offset: 0
2024-11-16 14:18:44,754 - DEBUG - getattr called for path: /
2024-11-16 14:18:44,754 - DEBUG - readdir called for path: /, offset: 0
2024-11-16 14:18:44,754 - DEBUG - getattr called for path: /
2024-11-16 14:18:44,754 - DEBUG - readdir called for path: /, offset: 0
2024-11-16 14:18:44,754 - DEBUG - getattr called for path: /
2024-11-16 14:18:44,755 - DEBUG - readdir called for path: /, offset: 0
2024-11-16 14:18:44,755 - DEBUG - getattr called for path: /autorun.inf
2024-11-16 14:18:45,281 - DEBUG - getattr called for path: /
2024-11-16 14:18:45,283 - DEBUG - readdir called for path: /, offset: 0
2024-11-16 14:18:45,880 - DEBUG - getattr called for path: /a
2024-11-16 14:18:45,881 - DEBUG - getattr called for path: /a
2024-11-16 14:18:46,427 - DEBUG - getattr called for path: /
2024-11-16 14:18:46,428 - DEBUG - readdir called for path: /, offset: 0
2024-11-16 14:18:46,428 - DEBUG - getattr called for path: /welcome.txt
2024-11-16 14:18:46,456 - DEBUG - getattr called for path: /.git
2024-11-16 14:18:46,456 - DEBUG - getattr called for path: /.git
2024-11-16 14:18:46,456 - DEBUG - getattr called for path: /
2024-11-16 14:18:46,456 - DEBUG - readdir called for path: /, offset: 0
2024-11-16 14:18:46,456 - DEBUG - getattr called for path: /.gitignore
2024-11-16 14:18:51,531 - DEBUG - getattr called for path: /.git
2024-11-16 14:18:51,531 - DEBUG - getattr called for path: /.git
2024-11-16 14:18:51,531 - DEBUG - getattr called for path: /
2024-11-16 14:18:51,531 - DEBUG - readdir called for path: /, offset: 0
2024-11-16 14:18:51,531 - DEBUG - getattr called for path: /welcome.txt
2024-11-16 14:18:51,532 - DEBUG - getattr called for path: /.gitignore
2024-11-16 14:18:56,642 - DEBUG - getattr called for path: /.git
2024-11-16 14:18:56,643 - DEBUG - getattr called for path: /.git
2024-11-16 14:18:56,643 - DEBUG - getattr called for path: /
2024-11-16 14:18:56,643 - DEBUG - readdir called for path: /, offset: 0
2024-11-16 14:18:56,644 - DEBUG - getattr called for path: /welcome.txt
2024-11-16 14:18:56,644 - DEBUG - getattr called for path: /.gitignore
2024-11-16 14:19:00,138 - DEBUG - getattr called for path: /a
2024-11-16 14:19:00,138 - DEBUG - create called for path: /a, mode: 0o101101, flags: 33204
2024-11-16 14:19:00,139 - DEBUG - getattr called for path: /a
2024-11-16 14:19:00,139 - DEBUG - write called for path: /a, offset: 0, data length: 6
2024-11-16 14:19:00,162 - DEBUG - getattr called for path: /a
2024-11-16 14:19:00,723 - DEBUG - getattr called for path: /
2024-11-16 14:19:00,725 - DEBUG - readdir called for path: /, offset: 0
2024-11-16 14:19:00,726 - DEBUG - getattr called for path: /welcome.txt
2024-11-16 14:19:01,730 - DEBUG - getattr called for path: /.git
2024-11-16 14:19:01,730 - DEBUG - getattr called for path: /.git
2024-11-16 14:19:01,730 - DEBUG - getattr called for path: /
2024-11-16 14:19:01,731 - DEBUG - readdir called for path: /, offset: 0
2024-11-16 14:19:01,731 - DEBUG - getattr called for path: /welcome.txt
2024-11-16 14:19:01,731 - DEBUG - getattr called for path: /.gitignore
2024-11-16 14:19:01,731 - DEBUG - getattr called for path: /a
2024-11-16 14:21:29,470 - DEBUG - getattr called for path: /a
2024-11-16 14:25:39,851 - DEBUG - getattr called for path: /
2024-11-16 14:25:39,853 - DEBUG - readdir called for path: /, offset: 0
2024-11-16 14:25:39,854 - DEBUG - getattr called for path: /welcome.txt
2024-11-16 14:25:39,854 - DEBUG - getattr called for path: /a
2024-11-16 14:25:39,910 - DEBUG - getattr called for path: /.git
2024-11-16 14:25:39,911 - DEBUG - getattr called for path: /.git
2024-11-16 14:25:39,911 - DEBUG - getattr called for path: /
2024-11-16 14:25:39,911 - DEBUG - readdir called for path: /, offset: 0
2024-11-16 14:25:39,911 - DEBUG - getattr called for path: /.gitignore
2024-11-16 14:25:44,973 - DEBUG - getattr called for path: /.git
2024-11-16 14:25:44,973 - DEBUG - getattr called for path: /.git
2024-11-16 14:25:44,973 - DEBUG - getattr called for path: /
2024-11-16 14:25:44,974 - DEBUG - readdir called for path: /, offset: 0
2024-11-16 14:25:44,974 - DEBUG - getattr called for path: /welcome.txt
2024-11-16 14:25:44,974 - DEBUG - getattr called for path: /.gitignore
2024-11-16 14:25:44,974 - DEBUG - getattr called for path: /a
2024-11-16 14:26:04,329 - DEBUG - getattr called for path: /.git
2024-11-16 14:26:04,329 - DEBUG - getattr called for path: /.git
2024-11-16 14:26:04,329 - DEBUG - getattr called for path: /
2024-11-16 14:26:04,330 - DEBUG - readdir called for path: /, offset: 0
2024-11-16 14:26:04,330 - DEBUG - getattr called for path: /welcome.txt
2024-11-16 14:26:04,330 - DEBUG - getattr called for path: /.gitignore
2024-11-16 14:26:04,330 - DEBUG - getattr called for path: /a
2024-11-16 14:26:04,331 - DEBUG - getattr called for path: /
2024-11-16 14:26:04,332 - DEBUG - readdir called for path: /, offset: 0
2024-11-16 14:26:09,396 - DEBUG - getattr called for path: /.git
2024-11-16 14:26:09,396 - DEBUG - getattr called for path: /.git
2024-11-16 14:26:09,396 - DEBUG - getattr called for path: /
2024-11-16 14:26:09,396 - DEBUG - readdir called for path: /, offset: 0
2024-11-16 14:26:09,396 - DEBUG - getattr called for path: /welcome.txt
2024-11-16 14:26:09,396 - DEBUG - getattr called for path: /.gitignore
2024-11-16 14:26:09,396 - DEBUG - getattr called for path: /a
2024-11-16 14:26:18,358 - DEBUG - getattr called for path: /
2024-11-16 14:26:18,359 - DEBUG - readdir called for path: /, offset: 0
2024-11-16 14:26:18,359 - DEBUG - getattr called for path: /a
2024-11-16 14:26:18,359 - DEBUG - getattr called for path: /welcome.txt
2024-11-16 14:26:18,419 - DEBUG - getattr called for path: /.git
2024-11-16 14:26:18,420 - DEBUG - getattr called for path: /.git
2024-11-16 14:26:18,420 - DEBUG - getattr called for path: /
2024-11-16 14:26:18,420 - DEBUG - readdir called for path: /, offset: 0
2024-11-16 14:26:18,420 - DEBUG - getattr called for path: /.gitignore
2024-11-16 14:26:23,487 - DEBUG - getattr called for path: /.git
2024-11-16 14:26:23,488 - DEBUG - getattr called for path: /.git
2024-11-16 14:26:23,488 - DEBUG - getattr called for path: /
2024-11-16 14:26:23,488 - DEBUG - readdir called for path: /, offset: 0
2024-11-16 14:26:23,489 - DEBUG - getattr called for path: /welcome.txt
2024-11-16 14:26:23,489 - DEBUG - getattr called for path: /.gitignore
2024-11-16 14:26:23,489 - DEBUG - getattr called for path: /a
2024-11-16 14:26:28,556 - DEBUG - getattr called for path: /.git
2024-11-16 14:26:28,556 - DEBUG - getattr called for path: /.git
2024-11-16 14:26:28,556 - DEBUG - getattr called for path: /
2024-11-16 14:26:28,556 - DEBUG - readdir called for path: /, offset: 0
2024-11-16 14:26:28,557 - DEBUG - getattr called for path: /welcome.txt
2024-11-16 14:26:28,557 - DEBUG - getattr called for path: /.gitignore
2024-11-16 14:26:28,557 - DEBUG - getattr called for path: /a
2024-11-16 14:26:33,637 - DEBUG - getattr called for path: /.git
2024-11-16 14:26:33,638 - DEBUG - getattr called for path: /.git
2024-11-16 14:26:33,638 - DEBUG - getattr called for path: /
2024-11-16 14:26:33,638 - DEBUG - readdir called for path: /, offset: 0
2024-11-16 14:26:33,638 - DEBUG - getattr called for path: /welcome.txt
2024-11-16 14:26:33,638 - DEBUG - getattr called for path: /.gitignore
2024-11-16 14:26:33,638 - DEBUG - getattr called for path: /a
2024-11-16 14:26:38,713 - DEBUG - getattr called for path: /.git
2024-11-16 14:26:38,713 - DEBUG - getattr called for path: /.git
2024-11-16 14:26:38,713 - DEBUG - getattr called for path: /
2024-11-16 14:26:38,713 - DEBUG - readdir called for path: /, offset: 0
2024-11-16 14:26:38,713 - DEBUG - getattr called for path: /welcome.txt
2024-11-16 14:26:38,714 - DEBUG - getattr called for path: /.gitignore
2024-11-16 14:26:38,714 - DEBUG - getattr called for path: /a
2024-11-16 14:26:43,783 - DEBUG - getattr called for path: /.git
2024-11-16 14:26:43,783 - DEBUG - getattr called for path: /.git
2024-11-16 14:26:43,783 - DEBUG - getattr called for path: /
2024-11-16 14:26:43,783 - DEBUG - readdir called for path: /, offset: 0
2024-11-16 14:26:43,783 - DEBUG - getattr called for path: /welcome.txt
2024-11-16 14:26:43,783 - DEBUG - getattr called for path: /.gitignore
2024-11-16 14:26:43,784 - DEBUG - getattr called for path: /a
2024-11-16 14:26:48,853 - DEBUG - getattr called for path: /.git
2024-11-16 14:26:48,853 - DEBUG - getattr called for path: /.git
2024-11-16 14:26:48,854 - DEBUG - getattr called for path: /
2024-11-16 14:26:48,854 - DEBUG - readdir called for path: /, offset: 0
2024-11-16 14:26:48,854 - DEBUG - getattr called for path: /welcome.txt
2024-11-16 14:26:48,854 - DEBUG - getattr called for path: /.gitignore
2024-11-16 14:26:48,854 - DEBUG - getattr called for path: /a
2024-11-16 14:27:19,254 - DEBUG - getattr called for path: /
2024-11-16 14:27:19,255 - DEBUG - readdir called for path: /, offset: 0
2024-11-16 14:27:19,256 - DEBUG - getattr called for path: /a
2024-11-16 14:27:19,256 - DEBUG - getattr called for path: /welcome.txt
2024-11-16 14:27:19,319 - DEBUG - getattr called for path: /.git
2024-11-16 14:27:19,319 - DEBUG - getattr called for path: /.git
2024-11-16 14:27:19,319 - DEBUG - getattr called for path: /
2024-11-16 14:27:19,320 - DEBUG - readdir called for path: /, offset: 0
2024-11-16 14:27:19,320 - DEBUG - getattr called for path: /.gitignore
2024-11-16 14:27:24,389 - DEBUG - getattr called for path: /.git
2024-11-16 14:27:24,389 - DEBUG - getattr called for path: /.git
2024-11-16 14:27:24,389 - DEBUG - getattr called for path: /
2024-11-16 14:27:24,389 - DEBUG - readdir called for path: /, offset: 0
2024-11-16 14:27:24,389 - DEBUG - getattr called for path: /welcome.txt
2024-11-16 14:27:24,389 - DEBUG - getattr called for path: /.gitignore
2024-11-16 14:27:24,390 - DEBUG - getattr called for path: /a
2024-11-16 14:27:29,451 - DEBUG - getattr called for path: /.git
2024-11-16 14:27:29,452 - DEBUG - getattr called for path: /.git
2024-11-16 14:27:29,452 - DEBUG - getattr called for path: /
2024-11-16 14:27:29,452 - DEBUG - readdir called for path: /, offset: 0
2024-11-16 14:27:29,452 - DEBUG - getattr called for path: /welcome.txt
2024-11-16 14:27:29,452 - DEBUG - getattr called for path: /.gitignore
2024-11-16 14:27:29,452 - DEBUG - getattr called for path: /a
2024-11-16 14:27:53,218 - DEBUG - getattr called for path: /
2024-11-16 14:27:53,225 - DEBUG - readdir called for path: /, offset: 0
2024-11-16 14:27:53,226 - DEBUG - getattr called for path: /a
2024-11-16 14:27:53,226 - DEBUG - getattr called for path: /welcome.txt
2024-11-16 14:27:53,295 - DEBUG - getattr called for path: /.git
2024-11-16 14:27:53,296 - DEBUG - getattr called for path: /.git
2024-11-16 14:27:53,296 - DEBUG - getattr called for path: /
2024-11-16 14:27:53,296 - DEBUG - readdir called for path: /, offset: 0
2024-11-16 14:27:53,296 - DEBUG - getattr called for path: /.gitignore
2024-11-16 14:27:58,363 - DEBUG - getattr called for path: /.git
2024-11-16 14:27:58,363 - DEBUG - getattr called for path: /.git
2024-11-16 14:27:58,364 - DEBUG - getattr called for path: /
2024-11-16 14:27:58,364 - DEBUG - readdir called for path: /, offset: 0
2024-11-16 14:27:58,364 - DEBUG - getattr called for path: /welcome.txt
2024-11-16 14:27:58,364 - DEBUG - getattr called for path: /.gitignore
2024-11-16 14:27:58,364 - DEBUG - getattr called for path: /a
2024-11-16 14:28:03,436 - DEBUG - getattr called for path: /.git
2024-11-16 14:28:03,436 - DEBUG - getattr called for path: /.git
2024-11-16 14:28:03,436 - DEBUG - getattr called for path: /
2024-11-16 14:28:03,437 - DEBUG - readdir called for path: /, offset: 0
2024-11-16 14:28:03,437 - DEBUG - getattr called for path: /welcome.txt
2024-11-16 14:28:03,437 - DEBUG - getattr called for path: /.gitignore
2024-11-16 14:28:03,437 - DEBUG - getattr called for path: /a
2024-11-16 14:28:08,543 - DEBUG - getattr called for path: /.git
2024-11-16 14:28:08,543 - DEBUG - getattr called for path: /.git
2024-11-16 14:28:08,543 - DEBUG - getattr called for path: /
2024-11-16 14:28:08,543 - DEBUG - readdir called for path: /, offset: 0
2024-11-16 14:28:08,544 - DEBUG - getattr called for path: /welcome.txt
2024-11-16 14:28:08,544 - DEBUG - getattr called for path: /.gitignore
2024-11-16 14:28:08,544 - DEBUG - getattr called for path: /a
2024-11-16 14:28:13,645 - DEBUG - getattr called for path: /.git
2024-11-16 14:28:13,645 - DEBUG - getattr called for path: /.git
2024-11-16 14:28:13,646 - DEBUG - getattr called for path: /
2024-11-16 14:28:13,646 - DEBUG - readdir called for path: /, offset: 0
2024-11-16 14:28:13,646 - DEBUG - getattr called for path: /welcome.txt
2024-11-16 14:28:13,646 - DEBUG - getattr called for path: /.gitignore
2024-11-16 14:28:13,646 - DEBUG - getattr called for path: /a
2024-11-16 14:28:16,943 - DEBUG - getattr called for path: /a
2024-11-16 14:28:18,719 - DEBUG - getattr called for path: /.git
2024-11-16 14:28:18,719 - DEBUG - getattr called for path: /.git
2024-11-16 14:28:18,719 - DEBUG - getattr called for path: /
2024-11-16 14:28:18,720 - DEBUG - readdir called for path: /, offset: 0
2024-11-16 14:28:18,720 - DEBUG - getattr called for path: /welcome.txt
2024-11-16 14:28:18,720 - DEBUG - getattr called for path: /.gitignore
2024-11-16 14:28:18,720 - DEBUG - getattr called for path: /a
2024-11-16 14:28:23,794 - DEBUG - getattr called for path: /.git
2024-11-16 14:28:23,794 - DEBUG - getattr called for path: /.git
2024-11-16 14:28:23,795 - DEBUG - getattr called for path: /
2024-11-16 14:28:23,795 - DEBUG - readdir called for path: /, offset: 0
2024-11-16 14:28:23,795 - DEBUG - getattr called for path: /welcome.txt
2024-11-16 14:28:23,795 - DEBUG - getattr called for path: /.gitignore
2024-11-16 14:28:23,795 - DEBUG - getattr called for path: /a
2024-11-16 14:28:25,792 - DEBUG - getattr called for path: /.git
2024-11-16 14:28:25,792 - DEBUG - getattr called for path: /.git
2024-11-16 14:28:25,793 - DEBUG - getattr called for path: /
2024-11-16 14:28:25,793 - DEBUG - readdir called for path: /, offset: 0
2024-11-16 14:28:25,793 - DEBUG - getattr called for path: /welcome.txt
2024-11-16 14:28:25,793 - DEBUG - getattr called for path: /.gitignore
2024-11-16 14:28:25,793 - DEBUG - getattr called for path: /a
